2025-08-20 12:49:22,923 [ERROR] Вихідна тека не існує: C:\...\HW_5\source folder
2025-08-20 12:50:50,089 [INFO] OK: C:\Users\1028581\OneDrive - IMPERIAL TOBACCO LTD\Desktop\GoIT\Comp_gen\HW_5\source folder\doc1.docx -> C:\Users\1028581\OneDrive - IMPERIAL TOBACCO LTD\Desktop\GoIT\Comp_gen\HW_5\output folder\docx\doc1.docx
2025-08-20 12:50:50,109 [INFO] OK: C:\Users\1028581\OneDrive - IMPERIAL TOBACCO LTD\Desktop\GoIT\Comp_gen\HW_5\source folder\doc.txt -> C:\Users\1028581\OneDrive - IMPERIAL TOBACCO LTD\Desktop\GoIT\Comp_gen\HW_5\output folder\txt\doc.txt
2025-08-20 12:50:50,115 [INFO] OK: C:\Users\1028581\OneDrive - IMPERIAL TOBACCO LTD\Desktop\GoIT\Comp_gen\HW_5\source folder\list1.xlsx -> C:\Users\1028581\OneDrive - IMPERIAL TOBACCO LTD\Desktop\GoIT\Comp_gen\HW_5\output folder\xlsx\list1.xlsx
2025-08-20 12:50:50,116 [INFO] OK: C:\Users\1028581\OneDrive - IMPERIAL TOBACCO LTD\Desktop\GoIT\Comp_gen\HW_5\source folder\list2.xlsx -> C:\Users\1028581\OneDrive - IMPERIAL TOBACCO LTD\Desktop\GoIT\Comp_gen\HW_5\output folder\xlsx\list2.xlsx
2025-08-20 12:50:50,120 [INFO] OK: C:\Users\1028581\OneDrive - IMPERIAL TOBACCO LTD\Desktop\GoIT\Comp_gen\HW_5\source folder\screen1.pptx -> C:\Users\1028581\OneDrive - IMPERIAL TOBACCO LTD\Desktop\GoIT\Comp_gen\HW_5\output folder\pptx\screen1.pptx
2025-08-20 12:50:50,125 [INFO] OK: C:\Users\1028581\OneDrive - IMPERIAL TOBACCO LTD\Desktop\GoIT\Comp_gen\HW_5\source folder\doc2.txt -> C:\Users\1028581\OneDrive - IMPERIAL TOBACCO LTD\Desktop\GoIT\Comp_gen\HW_5\output folder\txt\doc2.txt
2025-08-20 12:50:50,134 [INFO] OK: C:\Users\1028581\OneDrive - IMPERIAL TOBACCO LTD\Desktop\GoIT\Comp_gen\HW_5\source folder\doc3.txt -> C:\Users\1028581\OneDrive - IMPERIAL TOBACCO LTD\Desktop\GoIT\Comp_gen\HW_5\output folder\txt\doc3.txt
2025-08-20 13:04:33,507 [INFO] OK: C:\Users\1028581\OneDrive - IMPERIAL TOBACCO LTD\Desktop\GoIT\Comp_gen\HW_5\source folder\doc1.docx -> C:\Users\1028581\OneDrive - IMPERIAL TOBACCO LTD\Desktop\GoIT\Comp_gen\HW_5\output folder\docx\doc1.docx
2025-08-20 13:04:33,510 [INFO] OK: C:\Users\1028581\OneDrive - IMPERIAL TOBACCO LTD\Desktop\GoIT\Comp_gen\HW_5\source folder\doc.txt -> C:\Users\1028581\OneDrive - IMPERIAL TOBACCO LTD\Desktop\GoIT\Comp_gen\HW_5\output folder\txt\doc.txt
2025-08-20 13:04:33,512 [INFO] OK: C:\Users\1028581\OneDrive - IMPERIAL TOBACCO LTD\Desktop\GoIT\Comp_gen\HW_5\source folder\doc3.txt -> C:\Users\1028581\OneDrive - IMPERIAL TOBACCO LTD\Desktop\GoIT\Comp_gen\HW_5\output folder\txt\doc3.txt
2025-08-20 13:04:33,512 [INFO] OK: C:\Users\1028581\OneDrive - IMPERIAL TOBACCO LTD\Desktop\GoIT\Comp_gen\HW_5\source folder\doc2.txt -> C:\Users\1028581\OneDrive - IMPERIAL TOBACCO LTD\Desktop\GoIT\Comp_gen\HW_5\output folder\txt\doc2.txt
2025-08-20 13:04:33,514 [INFO] OK: C:\Users\1028581\OneDrive - IMPERIAL TOBACCO LTD\Desktop\GoIT\Comp_gen\HW_5\source folder\list1.xlsx -> C:\Users\1028581\OneDrive - IMPERIAL TOBACCO LTD\Desktop\GoIT\Comp_gen\HW_5\output folder\xlsx\list1.xlsx
2025-08-20 13:04:33,517 [INFO] OK: C:\Users\1028581\OneDrive - IMPERIAL TOBACCO LTD\Desktop\GoIT\Comp_gen\HW_5\source folder\list2.xlsx -> C:\Users\1028581\OneDrive - IMPERIAL TOBACCO LTD\Desktop\GoIT\Comp_gen\HW_5\output folder\xlsx\list2.xlsx
2025-08-20 13:04:33,517 [INFO] OK: C:\Users\1028581\OneDrive - IMPERIAL TOBACCO LTD\Desktop\GoIT\Comp_gen\HW_5\source folder\screen1.pptx -> C:\Users\1028581\OneDrive - IMPERIAL TOBACCO LTD\Desktop\GoIT\Comp_gen\HW_5\output folder\pptx\screen1.pptx
2025-08-20 13:05:34,573 [INFO] OK: C:\Users\1028581\OneDrive - IMPERIAL TOBACCO LTD\Desktop\GoIT\Comp_gen\HW_5\source folder\doc1.docx -> C:\Users\1028581\OneDrive - IMPERIAL TOBACCO LTD\Desktop\GoIT\Comp_gen\HW_5\output folder\docx\doc1.docx
2025-08-20 13:05:34,578 [INFO] OK: C:\Users\1028581\OneDrive - IMPERIAL TOBACCO LTD\Desktop\GoIT\Comp_gen\HW_5\source folder\doc.txt -> C:\Users\1028581\OneDrive - IMPERIAL TOBACCO LTD\Desktop\GoIT\Comp_gen\HW_5\output folder\txt\doc.txt
2025-08-20 13:05:34,582 [INFO] OK: C:\Users\1028581\OneDrive - IMPERIAL TOBACCO LTD\Desktop\GoIT\Comp_gen\HW_5\source folder\screen1.pptx -> C:\Users\1028581\OneDrive - IMPERIAL TOBACCO LTD\Desktop\GoIT\Comp_gen\HW_5\output folder\pptx\screen1.pptx
2025-08-20 13:05:34,590 [INFO] OK: C:\Users\1028581\OneDrive - IMPERIAL TOBACCO LTD\Desktop\GoIT\Comp_gen\HW_5\source folder\doc3.txt -> C:\Users\1028581\OneDrive - IMPERIAL TOBACCO LTD\Desktop\GoIT\Comp_gen\HW_5\output folder\txt\doc3.txt
2025-08-20 13:05:34,591 [INFO] OK: C:\Users\1028581\OneDrive - IMPERIAL TOBACCO LTD\Desktop\GoIT\Comp_gen\HW_5\source folder\doc2.txt -> C:\Users\1028581\OneDrive - IMPERIAL TOBACCO LTD\Desktop\GoIT\Comp_gen\HW_5\output folder\txt\doc2.txt
2025-08-20 13:05:34,620 [INFO] OK: C:\Users\1028581\OneDrive - IMPERIAL TOBACCO LTD\Desktop\GoIT\Comp_gen\HW_5\source folder\list1.xlsx -> C:\Users\1028581\OneDrive - IMPERIAL TOBACCO LTD\Desktop\GoIT\Comp_gen\HW_5\output folder\xlsx\list1.xlsx
2025-08-20 13:05:34,620 [INFO] OK: C:\Users\1028581\OneDrive - IMPERIAL TOBACCO LTD\Desktop\GoIT\Comp_gen\HW_5\source folder\list2.xlsx -> C:\Users\1028581\OneDrive - IMPERIAL TOBACCO LTD\Desktop\GoIT\Comp_gen\HW_5\output folder\xlsx\list2.xlsx
2025-08-21 19:40:07,544 [ERROR] folder not exist: C:\Users\1028581\OneDrive - IMPERIAL TOBACCO LTD\Desktop\GoIT\Comp_gen\HW_5\source folder
